0 info it worked if it ends with ok
1 verbose cli [ '/usr/local/bin/node', '/usr/local/bin/npm', 'run', 'start' ]
2 info using npm@2.7.4
3 info using node@v0.12.2
4 verbose node symlink /usr/local/bin/node
5 verbose run-script [ 'prestart', 'start', 'poststart' ]
6 info prestart GoPyme@1.0.0
7 info start GoPyme@1.0.0
8 verbose unsafe-perm in lifecycle true
9 info GoPyme@1.0.0 Failed to exec start script
10 verbose stack Error: GoPyme@1.0.0 start: `babel-node server.js`
10 verbose stack Exit status 1
10 verbose stack     at EventEmitter.<anonymous> (/usr/local/lib/node_modules/npm/lib/utils/lifecycle.js:213:16)
10 verbose stack     at EventEmitter.emit (events.js:110:17)
10 verbose stack     at ChildProcess.<anonymous> (/usr/local/lib/node_modules/npm/lib/utils/spawn.js:14:12)
10 verbose stack     at ChildProcess.emit (events.js:110:17)
10 verbose stack     at maybeClose (child_process.js:1015:16)
10 verbose stack     at Process.ChildProcess._handle.onexit (child_process.js:1087:5)
11 verbose pkgid GoPyme@1.0.0
12 verbose cwd /Users/Ae/Work/experiments/GoPyme
13 error Darwin 15.0.0
14 error argv "/usr/local/bin/node" "/usr/local/bin/npm" "run" "start"
15 error node v0.12.2
16 error npm  v2.7.4
17 error code ELIFECYCLE
18 error GoPyme@1.0.0 start: `babel-node server.js`
18 error Exit status 1
19 error Failed at the GoPyme@1.0.0 start script 'babel-node server.js'.
19 error This is most likely a problem with the GoPyme package,
19 error not with npm itself.
19 error Tell the author that this fails on your system:
19 error     babel-node server.js
19 error You can get their info via:
19 error     npm owner ls GoPyme
19 error There is likely additional logging output above.
20 verbose exit [ 1, true ]
